# JRE version: Java(TM) SE Runtime Environment (8.0_25-b18) (build 1.8.0_25-b18)
# Java VM: Java HotSpot(TM) 64-Bit Server VM (25.25-b02 mixed mode windows-amd64 compressed oops)
Heap:
 PSYoungGen      total 151552K, used 18369K [0x000000076b400000, 0x0000000778d80000, 0x00000007c0000000)
  eden space 139264K, 4% used [0x000000076b400000,0x000000076b9f2558,0x0000000773c00000)
  from space 12288K, 99% used [0x0000000773c00000,0x00000007747fe0c0,0x0000000774800000)
  to   space 23552K, 0% used [0x0000000777680000,0x0000000777680000,0x0000000778d80000)
 ParOldGen       total 360448K, used 114455K [0x00000006c1c00000, 0x00000006d7c00000, 0x000000076b400000)
  object space 360448K, 31% used [0x00000006c1c00000,0x00000006c8bc5d00,0x00000006d7c00000)
 Metaspace       used 43309K, capacity 46496K, committed 46720K, reserved 1089536K
  class space    used 5530K, capacity 6165K, committed 6272K, reserved 1048576K
GC Heap History (10 events):
Event: 1.969 GC heap before
{Heap before GC invocations=6 (full 2):
 PSYoungGen      total 115712K, used 4313K [0x000000076b400000, 0x0000000774300000, 0x00000007c0000000)
  eden space 111104K, 0% used [0x000000076b400000,0x000000076b400000,0x0000000772080000)
  from space 4608K, 93% used [0x0000000773e80000,0x00000007742b67c8,0x0000000774300000)
  to   space 10752K, 0% used [0x0000000772e00000,0x0000000772e00000,0x0000000773880000)
 ParOldGen       total 105984K, used 84865K [0x00000006c1c00000, 0x00000006c8380000, 0x000000076b400000)
  object space 105984K, 80% used [0x00000006c1c00000,0x00000006c6ee0670,0x00000006c8380000)
 Metaspace       used 23148K, capacity 23380K, committed 23680K, reserved 1071104K
  class space    used 2786K, capacity 2853K, committed 2944K, reserved 1048576K
Event: 2.041 GC heap after
Heap after GC invocations=6 (full 2):
 PSYoungGen      total 115712K, used 0K [0x000000076b400000, 0x0000000774300000, 0x00000007c0000000)
  eden space 111104K, 0% used [0x000000076b400000,0x000000076b400000,0x0000000772080000)
  from space 4608K, 0% used [0x0000000773e80000,0x0000000773e80000,0x0000000774300000)
  to   space 10752K, 0% used [0x0000000772e00000,0x0000000772e00000,0x0000000773880000)
 ParOldGen       total 289280K, used 87016K [0x00000006c1c00000, 0x00000006d3680000, 0x000000076b400000)
  object space 289280K, 30% used [0x00000006c1c00000,0x00000006c70fa1c8,0x00000006d3680000)
 Metaspace       used 23148K, capacity 23380K, committed 23680K, reserved 1071104K
  class space    used 2786K, capacity 2853K, committed 2944K, reserved 1048576K
}
Event: 643.029 GC heap before
{Heap before GC invocations=7 (full 2):
 PSYoungGen      total 115712K, used 111104K [0x000000076b400000, 0x0000000774300000, 0x00000007c0000000)
  eden space 111104K, 100% used [0x000000076b400000,0x0000000772080000,0x0000000772080000)
  from space 4608K, 0% used [0x0000000773e80000,0x0000000773e80000,0x0000000774300000)
  to   space 10752K, 0% used [0x0000000772e00000,0x0000000772e00000,0x0000000773880000)
 ParOldGen       total 289280K, used 87016K [0x00000006c1c00000, 0x00000006d3680000, 0x000000076b400000)
  object space 289280K, 30% used [0x00000006c1c00000,0x00000006c70fa1c8,0x00000006d3680000)
 Metaspace       used 31686K, capacity 31984K, committed 32256K, reserved 1077248K
  class space    used 3985K, capacity 4035K, committed 4096K, reserved 1048576K
Event: 643.039 GC heap after
Heap after GC invocations=7 (full 2):
 PSYoungGen      total 135680K, used 9509K [0x000000076b400000, 0x0000000775300000, 0x00000007c0000000)
  eden space 124928K, 0% used [0x000000076b400000,0x000000076b400000,0x0000000772e00000)
  from space 10752K, 88% used [0x0000000772e00000,0x0000000773749440,0x0000000773880000)
  to   space 11264K, 0% used [0x0000000774800000,0x0000000774800000,0x0000000775300000)
 ParOldGen       total 289280K, used 87024K [0x00000006c1c00000, 0x00000006d3680000, 0x000000076b400000)
  object space 289280K, 30% used [0x00000006c1c00000,0x00000006c70fc1c8,0x00000006d3680000)
 Metaspace       used 31686K, capacity 31984K, committed 32256K, reserved 1077248K
  class space    used 3985K, capacity 4035K, committed 4096K, reserved 1048576K
}
Event: 643.754 GC heap before
{Heap before GC invocations=8 (full 2):
 PSYoungGen      total 135680K, used 86145K [0x000000076b400000, 0x0000000775300000, 0x00000007c0000000)
  eden space 124928K, 61% used [0x000000076b400000,0x000000076fed7358,0x0000000772e00000)
  from space 10752K, 88% used [0x0000000772e00000,0x0000000773749440,0x0000000773880000)
  to   space 11264K, 0% used [0x0000000774800000,0x0000000774800000,0x0000000775300000)
 ParOldGen       total 289280K, used 87024K [0x00000006c1c00000, 0x00000006d3680000, 0x000000076b400000)
  object space 289280K, 30% used [0x00000006c1c00000,0x00000006c70fc1c8,0x00000006d3680000)
 Metaspace       used 38529K, capacity 39404K, committed 39468K, reserved 1083392K
  class space    used 4870K, capacity 5059K, committed 5120K, reserved 1048576K
Event: 643.765 GC heap after
Heap after GC invocations=8 (full 2):
 PSYoungGen      total 150528K, used 10538K [0x000000076b400000, 0x0000000776300000, 0x00000007c0000000)
  eden space 139264K, 0% used [0x000000076b400000,0x000000076b400000,0x0000000773c00000)
  from space 11264K, 93% used [0x0000000774800000,0x000000077524a828,0x0000000775300000)
  to   space 12288K, 0% used [0x0000000773c00000,0x0000000773c00000,0x0000000774800000)
 ParOldGen       total 289280K, used 87032K [0x00000006c1c00000, 0x00000006d3680000, 0x000000076b400000)
  object space 289280K, 30% used [0x00000006c1c00000,0x00000006c70fe1c8,0x00000006d3680000)
 Metaspace       used 38529K, capacity 39404K, committed 39468K, reserved 1083392K
  class space    used 4870K, capacity 5059K, committed 5120K, reserved 1048576K
}
Event: 643.765 GC heap before
{Heap before GC invocations=9 (full 3):
 PSYoungGen      total 150528K, used 10538K [0x000000076b400000, 0x0000000776300000, 0x00000007c0000000)
  eden space 139264K, 0% used [0x000000076b400000,0x000000076b400000,0x0000000773c00000)
  from space 11264K, 93% used [0x0000000774800000,0x000000077524a828,0x0000000775300000)
  to   space 12288K, 0% used [0x0000000773c00000,0x0000000773c00000,0x0000000774800000)
 ParOldGen       total 289280K, used 87032K [0x00000006c1c00000, 0x00000006d3680000, 0x000000076b400000)
  object space 289280K, 30% used [0x00000006c1c00000,0x00000006c70fe1c8,0x00000006d3680000)
 Metaspace       used 38529K, capacity 39404K, committed 39468K, reserved 1083392K
  class space    used 4870K, capacity 5059K, committed 5120K, reserved 1048576K
Event: 643.874 GC heap after
Heap after GC invocations=9 (full 3):
 PSYoungGen      total 150528K, used 0K [0x000000076b400000, 0x0000000776300000, 0x00000007c0000000)
  eden space 139264K, 0% used [0x000000076b400000,0x000000076b400000,0x0000000773c00000)
  from space 11264K, 0% used [0x0000000774800000,0x0000000774800000,0x0000000775300000)
  to   space 12288K, 0% used [0x0000000773c00000,0x0000000773c00000,0x0000000774800000)
 ParOldGen       total 360448K, used 95263K [0x00000006c1c00000, 0x00000006d7c00000, 0x000000076b400000)
  object space 360448K, 26% used [0x00000006c1c00000,0x00000006c7907e40,0x00000006d7c00000)
 Metaspace       used 38528K, capacity 39402K, committed 39468K, reserved 1083392K
  class space    used 4869K, capacity 5058K, committed 5120K, reserved 1048576K
}
Event: 785.062 GC heap before
{Heap before GC invocations=10 (full 3):
 PSYoungGen      total 150528K, used 139264K [0x000000076b400000, 0x0000000776300000, 0x00000007c0000000)
  eden space 139264K, 100% used [0x000000076b400000,0x0000000773c00000,0x0000000773c00000)
  from space 11264K, 0% used [0x0000000774800000,0x0000000774800000,0x0000000775300000)
  to   space 12288K, 0% used [0x0000000773c00000,0x0000000773c00000,0x0000000774800000)
 ParOldGen       total 360448K, used 95263K [0x00000006c1c00000, 0x00000006d7c00000, 0x000000076b400000)
  object space 360448K, 26% used [0x00000006c1c00000,0x00000006c7907e40,0x00000006d7c00000)
 Metaspace       used 43301K, capacity 46496K, committed 46720K, reserved 1089536K
  class space    used 5528K, capacity 6165K, committed 6272K, reserved 1048576K
Event: 785.126 GC heap after
Heap after GC invocations=10 (full 3):
 PSYoungGen      total 151552K, used 12280K [0x000000076b400000, 0x0000000778d80000, 0x00000007c0000000)
  eden space 139264K, 0% used [0x000000076b400000,0x000000076b400000,0x0000000773c00000)
  from space 12288K, 99% used [0x0000000773c00000,0x00000007747fe0c0,0x0000000774800000)
  to   space 23552K, 0% used [0x0000000777680000,0x0000000777680000,0x0000000778d80000)
 ParOldGen       total 360448K, used 114455K [0x00000006c1c00000, 0x00000006d7c00000, 0x000000076b400000)
  object space 360448K, 31% used [0x00000006c1c00000,0x00000006c8bc5d00,0x00000006d7c00000)
 Metaspace       used 43301K, capacity 46496K, committed 46720K, reserved 1089536K
  class space    used 5528K, capacity 6165K, committed 6272K, reserved 1048576K
}

