# JRE version: Java(TM) SE Runtime Environment (8.0_25-b18) (build 1.8.0_25-b18)
# Java VM: Java HotSpot(TM) 64-Bit Server VM (25.25-b02 mixed mode windows-amd64 compressed oops)
Heap:
 PSYoungGen      total 337920K, used 27825K [0x000000076b400000, 0x0000000789d00000, 0x00000007c0000000)
  eden space 319488K, 2% used [0x000000076b400000,0x000000076bd2c7f0,0x000000077ec00000)
  from space 18432K, 99% used [0x0000000780e80000,0x000000078207fd48,0x0000000782080000)
  to   space 35328K, 0% used [0x000000077ec00000,0x000000077ec00000,0x0000000780e80000)
 ParOldGen       total 300544K, used 129806K [0x00000006c1c00000, 0x00000006d4180000, 0x000000076b400000)
  object space 300544K, 43% used [0x00000006c1c00000,0x00000006c9ac3a38,0x00000006d4180000)
 Metaspace       used 53597K, capacity 56936K, committed 56960K, reserved 1099776K
  class space    used 6870K, capacity 7539K, committed 7552K, reserved 1048576K
GC Heap History (10 events):
Event: 382.008 GC heap before
{Heap before GC invocations=5 (full 1):
 PSYoungGen      total 141824K, used 131072K [0x000000076b400000, 0x000000077c900000, 0x00000007c0000000)
  eden space 131072K, 100% used [0x000000076b400000,0x0000000773400000,0x0000000773400000)
  from space 10752K, 0% used [0x0000000773400000,0x0000000773400000,0x0000000773e80000)
  to   space 10752K, 0% used [0x000000077be80000,0x000000077be80000,0x000000077c900000)
 ParOldGen       total 97792K, used 6729K [0x00000006c1c00000, 0x00000006c7b80000, 0x000000076b400000)
  object space 97792K, 6% used [0x00000006c1c00000,0x00000006c2292530,0x00000006c7b80000)
 Metaspace       used 24918K, capacity 25172K, committed 25344K, reserved 1071104K
  class space    used 2985K, capacity 3029K, committed 3072K, reserved 1048576K
Event: 382.059 GC heap after
Heap after GC invocations=5 (full 1):
 PSYoungGen      total 209920K, used 5887K [0x000000076b400000, 0x000000077c480000, 0x00000007c0000000)
  eden space 203776K, 0% used [0x000000076b400000,0x000000076b400000,0x0000000777b00000)
  from space 6144K, 95% used [0x000000077be80000,0x000000077c43fdc8,0x000000077c480000)
  to   space 10752K, 0% used [0x000000077af80000,0x000000077af80000,0x000000077ba00000)
 ParOldGen       total 97792K, used 84862K [0x00000006c1c00000, 0x00000006c7b80000, 0x000000076b400000)
  object space 97792K, 86% used [0x00000006c1c00000,0x00000006c6edf950,0x00000006c7b80000)
 Metaspace       used 24918K, capacity 25172K, committed 25344K, reserved 1071104K
  class space    used 2985K, capacity 3029K, committed 3072K, reserved 1048576K
}
Event: 382.059 GC heap before
{Heap before GC invocations=6 (full 2):
 PSYoungGen      total 209920K, used 5887K [0x000000076b400000, 0x000000077c480000, 0x00000007c0000000)
  eden space 203776K, 0% used [0x000000076b400000,0x000000076b400000,0x0000000777b00000)
  from space 6144K, 95% used [0x000000077be80000,0x000000077c43fdc8,0x000000077c480000)
  to   space 10752K, 0% used [0x000000077af80000,0x000000077af80000,0x000000077ba00000)
 ParOldGen       total 97792K, used 84862K [0x00000006c1c00000, 0x00000006c7b80000, 0x000000076b400000)
  object space 97792K, 86% used [0x00000006c1c00000,0x00000006c6edf950,0x00000006c7b80000)
 Metaspace       used 24918K, capacity 25172K, committed 25344K, reserved 1071104K
  class space    used 2985K, capacity 3029K, committed 3072K, reserved 1048576K
Event: 382.133 GC heap after
Heap after GC invocations=6 (full 2):
 PSYoungGen      total 209920K, used 0K [0x000000076b400000, 0x000000077c480000, 0x00000007c0000000)
  eden space 203776K, 0% used [0x000000076b400000,0x000000076b400000,0x0000000777b00000)
  from space 6144K, 0% used [0x000000077be80000,0x000000077be80000,0x000000077c480000)
  to   space 10752K, 0% used [0x000000077af80000,0x000000077af80000,0x000000077ba00000)
 ParOldGen       total 269312K, used 88468K [0x00000006c1c00000, 0x00000006d2300000, 0x000000076b400000)
  object space 269312K, 32% used [0x00000006c1c00000,0x00000006c7265338,0x00000006d2300000)
 Metaspace       used 24918K, capacity 25172K, committed 25344K, reserved 1071104K
  class space    used 2985K, capacity 3029K, committed 3072K, reserved 1048576K
}
Event: 644.036 GC heap before
{Heap before GC invocations=7 (full 2):
 PSYoungGen      total 209920K, used 188104K [0x000000076b400000, 0x000000077c480000, 0x00000007c0000000)
  eden space 203776K, 92% used [0x000000076b400000,0x0000000776bb2038,0x0000000777b00000)
  from space 6144K, 0% used [0x000000077be80000,0x000000077be80000,0x000000077c480000)
  to   space 10752K, 0% used [0x000000077af80000,0x000000077af80000,0x000000077ba00000)
 ParOldGen       total 269312K, used 88468K [0x00000006c1c00000, 0x00000006d2300000, 0x000000076b400000)
  object space 269312K, 32% used [0x00000006c1c00000,0x00000006c7265338,0x00000006d2300000)
 Metaspace       used 40368K, capacity 42222K, committed 42240K, reserved 1085440K
  class space    used 5133K, capacity 5486K, committed 5504K, reserved 1048576K
Event: 644.055 GC heap after
Heap after GC invocations=7 (full 2):
 PSYoungGen      total 268288K, used 10740K [0x000000076b400000, 0x0000000782080000, 0x00000007c0000000)
  eden space 257536K, 0% used [0x000000076b400000,0x000000076b400000,0x000000077af80000)
  from space 10752K, 99% used [0x000000077af80000,0x000000077b9fd080,0x000000077ba00000)
  to   space 18432K, 0% used [0x0000000780e80000,0x0000000780e80000,0x0000000782080000)
 ParOldGen       total 269312K, used 98344K [0x00000006c1c00000, 0x00000006d2300000, 0x000000076b400000)
  object space 269312K, 36% used [0x00000006c1c00000,0x00000006c7c0a188,0x00000006d2300000)
 Metaspace       used 40368K, capacity 42222K, committed 42240K, reserved 1085440K
  class space    used 5133K, capacity 5486K, committed 5504K, reserved 1048576K
}
Event: 644.055 GC heap before
{Heap before GC invocations=8 (full 3):
 PSYoungGen      total 268288K, used 10740K [0x000000076b400000, 0x0000000782080000, 0x00000007c0000000)
  eden space 257536K, 0% used [0x000000076b400000,0x000000076b400000,0x000000077af80000)
  from space 10752K, 99% used [0x000000077af80000,0x000000077b9fd080,0x000000077ba00000)
  to   space 18432K, 0% used [0x0000000780e80000,0x0000000780e80000,0x0000000782080000)
 ParOldGen       total 269312K, used 98344K [0x00000006c1c00000, 0x00000006d2300000, 0x000000076b400000)
  object space 269312K, 36% used [0x00000006c1c00000,0x00000006c7c0a188,0x00000006d2300000)
 Metaspace       used 40368K, capacity 42222K, committed 42240K, reserved 1085440K
  class space    used 5133K, capacity 5486K, committed 5504K, reserved 1048576K
Event: 644.194 GC heap after
Heap after GC invocations=8 (full 3):
 PSYoungGen      total 268288K, used 0K [0x000000076b400000, 0x0000000782080000, 0x00000007c0000000)
  eden space 257536K, 0% used [0x000000076b400000,0x000000076b400000,0x000000077af80000)
  from space 10752K, 0% used [0x000000077af80000,0x000000077af80000,0x000000077ba00000)
  to   space 18432K, 0% used [0x0000000780e80000,0x0000000780e80000,0x0000000782080000)
 ParOldGen       total 300544K, used 105961K [0x00000006c1c00000, 0x00000006d4180000, 0x000000076b400000)
  object space 300544K, 35% used [0x00000006c1c00000,0x00000006c837a6a8,0x00000006d4180000)
 Metaspace       used 40366K, capacity 42220K, committed 42240K, reserved 1085440K
  class space    used 5132K, capacity 5485K, committed 5504K, reserved 1048576K
}
Event: 926.582 GC heap before
{Heap before GC invocations=9 (full 3):
 PSYoungGen      total 268288K, used 257536K [0x000000076b400000, 0x0000000782080000, 0x00000007c0000000)
  eden space 257536K, 100% used [0x000000076b400000,0x000000077af80000,0x000000077af80000)
  from space 10752K, 0% used [0x000000077af80000,0x000000077af80000,0x000000077ba00000)
  to   space 18432K, 0% used [0x0000000780e80000,0x0000000780e80000,0x0000000782080000)
 ParOldGen       total 300544K, used 105961K [0x00000006c1c00000, 0x00000006d4180000, 0x000000076b400000)
  object space 300544K, 35% used [0x00000006c1c00000,0x00000006c837a6a8,0x00000006d4180000)
 Metaspace       used 53582K, capacity 56904K, committed 56960K, reserved 1099776K
  class space    used 6867K, capacity 7507K, committed 7552K, reserved 1048576K
Event: 926.645 GC heap after
Heap after GC invocations=9 (full 3):
 PSYoungGen      total 337920K, used 18431K [0x000000076b400000, 0x0000000789d00000, 0x00000007c0000000)
  eden space 319488K, 0% used [0x000000076b400000,0x000000076b400000,0x000000077ec00000)
  from space 18432K, 99% used [0x0000000780e80000,0x000000078207fd48,0x0000000782080000)
  to   space 35328K, 0% used [0x000000077ec00000,0x000000077ec00000,0x0000000780e80000)
 ParOldGen       total 300544K, used 129806K [0x00000006c1c00000, 0x00000006d4180000, 0x000000076b400000)
  object space 300544K, 43% used [0x00000006c1c00000,0x00000006c9ac3a38,0x00000006d4180000)
 Metaspace       used 53582K, capacity 56904K, committed 56960K, reserved 1099776K
  class space    used 6867K, capacity 7507K, committed 7552K, reserved 1048576K
}

