# JRE version: Java(TM) SE Runtime Environment (8.0_25-b18) (build 1.8.0_25-b18)
# Java VM: Java HotSpot(TM) 64-Bit Server VM (25.25-b02 mixed mode windows-amd64 compressed oops)
Heap:
 PSYoungGen      total 145408K, used 17793K [0x000000076b400000, 0x0000000778180000, 0x00000007c0000000)
  eden space 133120K, 4% used [0x000000076b400000,0x000000076b9647b8,0x0000000773600000)
  from space 12288K, 99% used [0x0000000773600000,0x00000007741fbe30,0x0000000774200000)
  to   space 24064K, 0% used [0x0000000776a00000,0x0000000776a00000,0x0000000778180000)
 ParOldGen       total 379392K, used 114706K [0x00000006c1c00000, 0x00000006d8e80000, 0x000000076b400000)
  object space 379392K, 30% used [0x00000006c1c00000,0x00000006c8c049b0,0x00000006d8e80000)
 Metaspace       used 43442K, capacity 46624K, committed 46976K, reserved 1089536K
  class space    used 5530K, capacity 6165K, committed 6272K, reserved 1048576K
GC Heap History (10 events):
Event: 1.946 GC heap before
{Heap before GC invocations=6 (full 2):
 PSYoungGen      total 114176K, used 4247K [0x000000076b400000, 0x0000000774300000, 0x00000007c0000000)
  eden space 109568K, 0% used [0x000000076b400000,0x000000076b400000,0x0000000771f00000)
  from space 4608K, 92% used [0x0000000773e80000,0x00000007742a5db8,0x0000000774300000)
  to   space 10752K, 0% used [0x0000000772e00000,0x0000000772e00000,0x0000000773880000)
 ParOldGen       total 109056K, used 84922K [0x00000006c1c00000, 0x00000006c8680000, 0x000000076b400000)
  object space 109056K, 77% used [0x00000006c1c00000,0x00000006c6eeea60,0x00000006c8680000)
 Metaspace       used 23183K, capacity 23444K, committed 23680K, reserved 1071104K
  class space    used 2787K, capacity 2853K, committed 2944K, reserved 1048576K
Event: 2.019 GC heap after
Heap after GC invocations=6 (full 2):
 PSYoungGen      total 114176K, used 0K [0x000000076b400000, 0x0000000774300000, 0x00000007c0000000)
  eden space 109568K, 0% used [0x000000076b400000,0x000000076b400000,0x0000000771f00000)
  from space 4608K, 0% used [0x0000000773e80000,0x0000000773e80000,0x0000000774300000)
  to   space 10752K, 0% used [0x0000000772e00000,0x0000000772e00000,0x0000000773880000)
 ParOldGen       total 299008K, used 86997K [0x00000006c1c00000, 0x00000006d4000000, 0x000000076b400000)
  object space 299008K, 29% used [0x00000006c1c00000,0x00000006c70f55e8,0x00000006d4000000)
 Metaspace       used 23183K, capacity 23444K, committed 23680K, reserved 1071104K
  class space    used 2787K, capacity 2853K, committed 2944K, reserved 1048576K
}
Event: 643.219 GC heap before
{Heap before GC invocations=7 (full 2):
 PSYoungGen      total 114176K, used 109568K [0x000000076b400000, 0x0000000774300000, 0x00000007c0000000)
  eden space 109568K, 100% used [0x000000076b400000,0x0000000771f00000,0x0000000771f00000)
  from space 4608K, 0% used [0x0000000773e80000,0x0000000773e80000,0x0000000774300000)
  to   space 10752K, 0% used [0x0000000772e00000,0x0000000772e00000,0x0000000773880000)
 ParOldGen       total 299008K, used 86997K [0x00000006c1c00000, 0x00000006d4000000, 0x000000076b400000)
  object space 299008K, 29% used [0x00000006c1c00000,0x00000006c70f55e8,0x00000006d4000000)
 Metaspace       used 31731K, capacity 32048K, committed 32512K, reserved 1077248K
  class space    used 3987K, capacity 4035K, committed 4096K, reserved 1048576K
Event: 643.229 GC heap after
Heap after GC invocations=7 (full 2):
 PSYoungGen      total 135680K, used 9628K [0x000000076b400000, 0x0000000774d00000, 0x00000007c0000000)
  eden space 124928K, 0% used [0x000000076b400000,0x000000076b400000,0x0000000772e00000)
  from space 10752K, 89% used [0x0000000772e00000,0x00000007737670c0,0x0000000773880000)
  to   space 11264K, 0% used [0x0000000774200000,0x0000000774200000,0x0000000774d00000)
 ParOldGen       total 299008K, used 86997K [0x00000006c1c00000, 0x00000006d4000000, 0x000000076b400000)
  object space 299008K, 29% used [0x00000006c1c00000,0x00000006c70f55e8,0x00000006d4000000)
 Metaspace       used 31731K, capacity 32048K, committed 32512K, reserved 1077248K
  class space    used 3987K, capacity 4035K, committed 4096K, reserved 1048576K
}
Event: 644.293 GC heap before
{Heap before GC invocations=8 (full 2):
 PSYoungGen      total 135680K, used 87383K [0x000000076b400000, 0x0000000774d00000, 0x00000007c0000000)
  eden space 124928K, 62% used [0x000000076b400000,0x000000076ffeede0,0x0000000772e00000)
  from space 10752K, 89% used [0x0000000772e00000,0x00000007737670c0,0x0000000773880000)
  to   space 11264K, 0% used [0x0000000774200000,0x0000000774200000,0x0000000774d00000)
 ParOldGen       total 299008K, used 86997K [0x00000006c1c00000, 0x00000006d4000000, 0x000000076b400000)
  object space 299008K, 29% used [0x00000006c1c00000,0x00000006c70f55e8,0x00000006d4000000)
 Metaspace       used 38504K, capacity 39382K, committed 39468K, reserved 1083392K
  class space    used 4855K, capacity 5034K, committed 5120K, reserved 1048576K
Event: 644.306 GC heap after
Heap after GC invocations=8 (full 2):
 PSYoungGen      total 144384K, used 10390K [0x000000076b400000, 0x0000000775e00000, 0x00000007c0000000)
  eden space 133120K, 0% used [0x000000076b400000,0x000000076b400000,0x0000000773600000)
  from space 11264K, 92% used [0x0000000774200000,0x0000000774c25990,0x0000000774d00000)
  to   space 12288K, 0% used [0x0000000773600000,0x0000000773600000,0x0000000774200000)
 ParOldGen       total 299008K, used 87005K [0x00000006c1c00000, 0x00000006d4000000, 0x000000076b400000)
  object space 299008K, 29% used [0x00000006c1c00000,0x00000006c70f75e8,0x00000006d4000000)
 Metaspace       used 38504K, capacity 39382K, committed 39468K, reserved 1083392K
  class space    used 4855K, capacity 5034K, committed 5120K, reserved 1048576K
}
Event: 644.306 GC heap before
{Heap before GC invocations=9 (full 3):
 PSYoungGen      total 144384K, used 10390K [0x000000076b400000, 0x0000000775e00000, 0x00000007c0000000)
  eden space 133120K, 0% used [0x000000076b400000,0x000000076b400000,0x0000000773600000)
  from space 11264K, 92% used [0x0000000774200000,0x0000000774c25990,0x0000000774d00000)
  to   space 12288K, 0% used [0x0000000773600000,0x0000000773600000,0x0000000774200000)
 ParOldGen       total 299008K, used 87005K [0x00000006c1c00000, 0x00000006d4000000, 0x000000076b400000)
  object space 299008K, 29% used [0x00000006c1c00000,0x00000006c70f75e8,0x00000006d4000000)
 Metaspace       used 38504K, capacity 39382K, committed 39468K, reserved 1083392K
  class space    used 4855K, capacity 5034K, committed 5120K, reserved 1048576K
Event: 644.434 GC heap after
Heap after GC invocations=9 (full 3):
 PSYoungGen      total 144384K, used 0K [0x000000076b400000, 0x0000000775e00000, 0x00000007c0000000)
  eden space 133120K, 0% used [0x000000076b400000,0x000000076b400000,0x0000000773600000)
  from space 11264K, 0% used [0x0000000774200000,0x0000000774200000,0x0000000774d00000)
  to   space 12288K, 0% used [0x0000000773600000,0x0000000773600000,0x0000000774200000)
 ParOldGen       total 379392K, used 95073K [0x00000006c1c00000, 0x00000006d8e80000, 0x000000076b400000)
  object space 379392K, 25% used [0x00000006c1c00000,0x00000006c78d86c0,0x00000006d8e80000)
 Metaspace       used 38503K, capacity 39380K, committed 39468K, reserved 1083392K
  class space    used 4854K, capacity 5033K, committed 5120K, reserved 1048576K
}
Event: 785.803 GC heap before
{Heap before GC invocations=10 (full 3):
 PSYoungGen      total 144384K, used 133120K [0x000000076b400000, 0x0000000775e00000, 0x00000007c0000000)
  eden space 133120K, 100% used [0x000000076b400000,0x0000000773600000,0x0000000773600000)
  from space 11264K, 0% used [0x0000000774200000,0x0000000774200000,0x0000000774d00000)
  to   space 12288K, 0% used [0x0000000773600000,0x0000000773600000,0x0000000774200000)
 ParOldGen       total 379392K, used 95073K [0x00000006c1c00000, 0x00000006d8e80000, 0x000000076b400000)
  object space 379392K, 25% used [0x00000006c1c00000,0x00000006c78d86c0,0x00000006d8e80000)
 Metaspace       used 43406K, capacity 46624K, committed 46976K, reserved 1089536K
  class space    used 5527K, capacity 6165K, committed 6272K, reserved 1048576K
Event: 785.857 GC heap after
Heap after GC invocations=10 (full 3):
 PSYoungGen      total 145408K, used 12271K [0x000000076b400000, 0x0000000778180000, 0x00000007c0000000)
  eden space 133120K, 0% used [0x000000076b400000,0x000000076b400000,0x0000000773600000)
  from space 12288K, 99% used [0x0000000773600000,0x00000007741fbe30,0x0000000774200000)
  to   space 24064K, 0% used [0x0000000776a00000,0x0000000776a00000,0x0000000778180000)
 ParOldGen       total 379392K, used 114706K [0x00000006c1c00000, 0x00000006d8e80000, 0x000000076b400000)
  object space 379392K, 30% used [0x00000006c1c00000,0x00000006c8c049b0,0x00000006d8e80000)
 Metaspace       used 43406K, capacity 46624K, committed 46976K, reserved 1089536K
  class space    used 5527K, capacity 6165K, committed 6272K, reserved 1048576K
}

